This file contains any messages produced by compilers while
running configure, to aid debugging if configure makes a mistake.

It was created by fastcdr configure 1.0.8, which was
generated by GNU Autoconf 2.69.  Invocation command line was

  $ ./configure --libdir=/usr/lib

## --------- ##
## Platform. ##
## --------- ##

hostname = jerryxu-ThinkPad-T450
uname -m = x86_64
uname -r = 4.15.0-54-generic
uname -s = Linux
uname -v = #58~16.04.1-Ubuntu SMP Mon Jun 24 13:21:41 UTC 2019

/usr/bin/uname -p = unknown
/bin/uname -X     = unknown

/bin/arch              = unknown
/usr/bin/arch -k       = unknown
/usr/convex/getsysinfo = unknown
/usr/bin/hostinfo      = unknown
/bin/machine           = unknown
/usr/bin/oslevel       = unknown
/bin/universe          = unknown

PATH: /home/jerryxu/ninja
PATH: /home/jerryxu/gcc-arm-none-eabi-7-2017-q4-major/bin
PATH: /home/jerryxu/bin
PATH: /home/jerryxu/.local/bin
PATH: /home/jerryxu/gcc-arm-none-eabi-7-2017-q4-major/bin
PATH: /home/jerryxu/bin
PATH: /home/jerryxu/.local/bin
PATH: /home/jerryxu/bin
PATH: /home/jerryxu/.local/bin
PATH: /usr/jvm/jdk1.8.0_211/bin
PATH: /usr/local/sbin
PATH: /usr/local/bin
PATH: /usr/sbin
PATH: /usr/bin
PATH: /sbin
PATH: /bin
PATH: /usr/games
PATH: /usr/local/games
PATH: /snap/bin


## ----------- ##
## Core tests. ##
## ----------- ##

configure:2311: checking for a BSD-compatible install
configure:2379: result: /usr/bin/install -c
configure:2390: checking whether build environment is sane
configure:2445: result: yes
configure:2596: checking for a thread-safe mkdir -p
configure:2635: result: /bin/mkdir -p
configure:2642: checking for gawk
configure:2672: result: no
configure:2642: checking for mawk
configure:2658: found /usr/bin/mawk
configure:2669: result: mawk
configure:2680: checking whether make sets $(MAKE)
configure:2702: result: yes
configure:2731: checking whether make supports nested variables
configure:2748: result: yes
configure:2882: checking whether make supports the include directive
configure:2897: make -f confmf.GNU && cat confinc.out
this is the am__doit target
configure:2900: $? = 0
configure:2919: result: yes (GNU style)
configure:2999: checking for g++
configure:3015: found /usr/bin/g++
configure:3026: result: g++
configure:3053: checking for C++ compiler version
configure:3062: g++ --version >&5
g++ (Ubuntu 5.4.0-6ubuntu1~16.04.11) 5.4.0 20160609
Copyright (C) 2015 Free Software Foundation, Inc.
This is free software; see the source for copying conditions.  There is NO
warranty; not even for MERCHANTABILITY or FITNESS FOR A PARTICULAR PURPOSE.

configure:3073: $? = 0
configure:3062: g++ -v >&5
Using built-in specs.
COLLECT_GCC=g++
COLLECT_LTO_WRAPPER=/usr/lib/gcc/x86_64-linux-gnu/5/lto-wrapper
Target: x86_64-linux-gnu
Configured with: ../src/configure -v --with-pkgversion='Ubuntu 5.4.0-6ubuntu1~16.04.11' --with-bugurl=file:///usr/share/doc/gcc-5/README.Bugs --enable-languages=c,ada,c++,java,go,d,fortran,objc,obj-c++ --prefix=/usr --program-suffix=-5 --enable-shared --enable-linker-build-id --libexecdir=/usr/lib --without-included-gettext --enable-threads=posix --libdir=/usr/lib --enable-nls --with-sysroot=/ --enable-clocale=gnu --enable-libstdcxx-debug --enable-libstdcxx-time=yes --with-default-libstdcxx-abi=new --enable-gnu-unique-object --disable-vtable-verify --enable-libmpx --enable-plugin --with-system-zlib --disable-browser-plugin --enable-java-awt=gtk --enable-gtk-cairo --with-java-home=/usr/lib/jvm/java-1.5.0-gcj-5-amd64/jre --enable-java-home --with-jvm-root-dir=/usr/lib/jvm/java-1.5.0-gcj-5-amd64 --with-jvm-jar-dir=/usr/lib/jvm-exports/java-1.5.0-gcj-5-amd64 --with-arch-directory=amd64 --with-ecj-jar=/usr/share/java/eclipse-ecj.jar --enable-objc-gc --enable-multiarch --disable-werror --with-arch-32=i686 --with-abi=m64 --with-multilib-list=m32,m64,mx32 --enable-multilib --with-tune=generic --enable-checking=release --build=x86_64-linux-gnu --host=x86_64-linux-gnu --target=x86_64-linux-gnu
Thread model: posix
gcc version 5.4.0 20160609 (Ubuntu 5.4.0-6ubuntu1~16.04.11) 
configure:3073: $? = 0
configure:3062: g++ -V >&5
g++: error: unrecognized command line option '-V'
g++: fatal error: no input files
compilation terminated.
configure:3073: $? = 1
configure:3062: g++ -qversion >&5
g++: error: unrecognized command line option '-qversion'
g++: fatal error: no input files
compilation terminated.
configure:3073: $? = 1
configure:3093: checking whether the C++ compiler works
configure:3115: g++    conftest.cpp  >&5
configure:3119: $? = 0
configure:3167: result: yes
configure:3170: checking for C++ compiler default output file name
configure:3172: result: a.out
configure:3178: checking for suffix of executables
configure:3185: g++ -o conftest    conftest.cpp  >&5
configure:3189: $? = 0
configure:3211: result: 
configure:3233: checking whether we are cross compiling
configure:3241: g++ -o conftest    conftest.cpp  >&5
configure:3245: $? = 0
configure:3252: ./conftest
configure:3256: $? = 0
configure:3271: result: no
configure:3276: checking for suffix of object files
configure:3298: g++ -c   conftest.cpp >&5
configure:3302: $? = 0
configure:3323: result: o
configure:3327: checking whether we are using the GNU C++ compiler
configure:3346: g++ -c   conftest.cpp >&5
configure:3346: $? = 0
configure:3355: result: yes
configure:3364: checking whether g++ accepts -g
configure:3384: g++ -c -g  conftest.cpp >&5
configure:3384: $? = 0
configure:3425: result: yes
configure:3450: checking dependency style of g++
configure:3561: result: gcc3
configure:3584: checking whether g++ supports C++11 features by default
configure:3641: g++ -c -g -O2  conftest.cpp >&5
conftest.cpp:16:21: error: expected identifier before 'sizeof'
       static_assert(sizeof(int) <= sizeof(T), "not big enough");
                     ^
conftest.cpp:16:21: error: expected ',' or '...' before 'sizeof'
conftest.cpp:16:63: error: ISO C++ forbids declaration of 'static_assert' with no type [-fpermissive]
       static_assert(sizeof(int) <= sizeof(T), "not big enough");
                                                               ^
conftest.cpp:23:20: warning: override controls (override/final) only available with -std=c++11 or -std=gnu++11
     virtual void f() override {}
                    ^
conftest.cpp:26:29: error: '>>' should be '> >' within a nested template argument list
     typedef check<check<bool>> right_angle_brackets;
                             ^
conftest.cpp:29:13: error: expected constructor, destructor, or type conversion before '(' token
     decltype(a) b;
             ^
conftest.cpp:33:15: error: expected unqualified-id before '&&' token
     check_type&& cr = static_cast<check_type&&>(c);
               ^
conftest.cpp:35:10: error: 'd' does not name a type
     auto d = a;
          ^
conftest.cpp:36:10: error: 'l' does not name a type
     auto l = [](){};
          ^
conftest.cpp: In constructor 'use_l::use_l()':
conftest.cpp:38:32: error: 'l' was not declared in this scope
     struct use_l { use_l() { l(); } };
                                ^
conftest.cpp: At global scope:
conftest.cpp:46:9: error: expected unqualified-id before 'using'
         using member = typename T::member_type;
         ^
conftest.cpp:52:19: error: variable or field 'func' declared void
         void func(member<T>*) {}
                   ^
conftest.cpp:52:19: error: 'member' was not declared in this scope
conftest.cpp:52:27: error: expected primary-expression before '>' token
         void func(member<T>*) {}
                           ^
conftest.cpp:52:29: error: expected primary-expression before ')' token
         void func(member<T>*) {}
                             ^
configure:3641: $? = 1
configure: failed program was:
| /* confdefs.h */
| #define PACKAGE_NAME "fastcdr"
| #define PACKAGE_TARNAME "eProsima FastCDR"
| #define PACKAGE_VERSION "1.0.8"
| #define PACKAGE_STRING "fastcdr 1.0.8"
| #define PACKAGE_BUGREPORT "support@eprosima.com"
| #define PACKAGE_URL "http://eprosima.com/"
| #define FASTCDR_VERSION_MAJOR 1
| #define FASTCDR_VERSION_MINOR 0
| #define FASTCDR_VERSION_MICRO 8
| /* end confdefs.h.  */
| 
|   template <typename T>
|     struct check
|     {
|       static_assert(sizeof(int) <= sizeof(T), "not big enough");
|     };
| 
|     struct Base {
|     virtual void f() {}
|     };
|     struct Child : public Base {
|     virtual void f() override {}
|     };
| 
|     typedef check<check<bool>> right_angle_brackets;
| 
|     int a;
|     decltype(a) b;
| 
|     typedef check<int> check_type;
|     check_type c;
|     check_type&& cr = static_cast<check_type&&>(c);
| 
|     auto d = a;
|     auto l = [](){};
|     // Prevent Clang error: unused variable 'l' [-Werror,-Wunused-variable]
|     struct use_l { use_l() { l(); } };
| 
|     // http://stackoverflow.com/questions/13728184/template-aliases-and-sfinae
|     // Clang 3.1 fails with headers of libstd++ 4.8.3 when using std::function because of this
|     namespace test_template_alias_sfinae {
|         struct foo {};
| 
|         template<typename T>
|         using member = typename T::member_type;
| 
|         template<typename T>
|         void func(...) {}
| 
|         template<typename T>
|         void func(member<T>*) {}
| 
|         void test();
| 
|         void test() {
|             func<foo>(0);
|         }
|     }
| 
configure:3648: result: no
configure:3657: checking whether g++ supports C++11 features with -std=gnu++11
configure:3716: g++ -c -g -O2 -std=gnu++11  conftest.cpp >&5
configure:3716: $? = 0
configure:3725: result: yes
configure:4083: checking for gcc
configure:4099: found /usr/bin/gcc
configure:4110: result: gcc
configure:4339: checking for C compiler version
configure:4348: gcc --version >&5
gcc (Ubuntu 5.4.0-6ubuntu1~16.04.11) 5.4.0 20160609
Copyright (C) 2015 Free Software Foundation, Inc.
This is free software; see the source for copying conditions.  There is NO
warranty; not even for MERCHANTABILITY or FITNESS FOR A PARTICULAR PURPOSE.

configure:4359: $? = 0
configure:4348: gcc -v >&5
Using built-in specs.
COLLECT_GCC=gcc
COLLECT_LTO_WRAPPER=/usr/lib/gcc/x86_64-linux-gnu/5/lto-wrapper
Target: x86_64-linux-gnu
Configured with: ../src/configure -v --with-pkgversion='Ubuntu 5.4.0-6ubuntu1~16.04.11' --with-bugurl=file:///usr/share/doc/gcc-5/README.Bugs --enable-languages=c,ada,c++,java,go,d,fortran,objc,obj-c++ --prefix=/usr --program-suffix=-5 --enable-shared --enable-linker-build-id --libexecdir=/usr/lib --without-included-gettext --enable-threads=posix --libdir=/usr/lib --enable-nls --with-sysroot=/ --enable-clocale=gnu --enable-libstdcxx-debug --enable-libstdcxx-time=yes --with-default-libstdcxx-abi=new --enable-gnu-unique-object --disable-vtable-verify --enable-libmpx --enable-plugin --with-system-zlib --disable-browser-plugin --enable-java-awt=gtk --enable-gtk-cairo --with-java-home=/usr/lib/jvm/java-1.5.0-gcj-5-amd64/jre --enable-java-home --with-jvm-root-dir=/usr/lib/jvm/java-1.5.0-gcj-5-amd64 --with-jvm-jar-dir=/usr/lib/jvm-exports/java-1.5.0-gcj-5-amd64 --with-arch-directory=amd64 --with-ecj-jar=/usr/share/java/eclipse-ecj.jar --enable-objc-gc --enable-multiarch --disable-werror --with-arch-32=i686 --with-abi=m64 --with-multilib-list=m32,m64,mx32 --enable-multilib --with-tune=generic --enable-checking=release --build=x86_64-linux-gnu --host=x86_64-linux-gnu --target=x86_64-linux-gnu
Thread model: posix
gcc version 5.4.0 20160609 (Ubuntu 5.4.0-6ubuntu1~16.04.11) 
configure:4359: $? = 0
configure:4348: gcc -V >&5
gcc: error: unrecognized command line option '-V'
gcc: fatal error: no input files
compilation terminated.
configure:4359: $? = 1
configure:4348: gcc -qversion >&5
gcc: error: unrecognized command line option '-qversion'
gcc: fatal error: no input files
compilation terminated.
configure:4359: $? = 1
configure:4363: checking whether we are using the GNU C compiler
configure:4382: gcc -c   conftest.c >&5
configure:4382: $? = 0
configure:4391: result: yes
configure:4400: checking whether gcc accepts -g
configure:4420: gcc -c -g  conftest.c >&5
configure:4420: $? = 0
configure:4461: result: yes
configure:4478: checking for gcc option to accept ISO C89
configure:4541: gcc  -c -g -O2  conftest.c >&5
configure:4541: $? = 0
configure:4554: result: none needed
configure:4579: checking whether gcc understands -c and -o together
configure:4601: gcc -c conftest.c -o conftest2.o
configure:4604: $? = 0
configure:4601: gcc -c conftest.c -o conftest2.o
configure:4604: $? = 0
configure:4616: result: yes
configure:4635: checking dependency style of gcc
configure:4746: result: gcc3
configure:4767: checking how to run the C preprocessor
configure:4798: gcc -E  conftest.c
configure:4798: $? = 0
configure:4812: gcc -E  conftest.c
conftest.c:15:28: fatal error: ac_nonexistent.h: No such file or directory
compilation terminated.
configure:4812: $? = 1
configure: failed program was:
| /* confdefs.h */
| #define PACKAGE_NAME "fastcdr"
| #define PACKAGE_TARNAME "eProsima FastCDR"
| #define PACKAGE_VERSION "1.0.8"
| #define PACKAGE_STRING "fastcdr 1.0.8"
| #define PACKAGE_BUGREPORT "support@eprosima.com"
| #define PACKAGE_URL "http://eprosima.com/"
| #define FASTCDR_VERSION_MAJOR 1
| #define FASTCDR_VERSION_MINOR 0
| #define FASTCDR_VERSION_MICRO 8
| #define HAVE_CXX11 1
| #define HAVE_CXX0X 1
| #define HAVE_CXX_CONSTEXPR 1
| /* end confdefs.h.  */
| #include <ac_nonexistent.h>
configure:4837: result: gcc -E
configure:4857: gcc -E  conftest.c
configure:4857: $? = 0
configure:4871: gcc -E  conftest.c
conftest.c:15:28: fatal error: ac_nonexistent.h: No such file or directory
compilation terminated.
configure:4871: $? = 1
configure: failed program was:
| /* confdefs.h */
| #define PACKAGE_NAME "fastcdr"
| #define PACKAGE_TARNAME "eProsima FastCDR"
| #define PACKAGE_VERSION "1.0.8"
| #define PACKAGE_STRING "fastcdr 1.0.8"
| #define PACKAGE_BUGREPORT "support@eprosima.com"
| #define PACKAGE_URL "http://eprosima.com/"
| #define FASTCDR_VERSION_MAJOR 1
| #define FASTCDR_VERSION_MINOR 0
| #define FASTCDR_VERSION_MICRO 8
| #define HAVE_CXX11 1
| #define HAVE_CXX0X 1
| #define HAVE_CXX_CONSTEXPR 1
| /* end confdefs.h.  */
| #include <ac_nonexistent.h>
configure:4900: checking for grep that handles long lines and -e
configure:4958: result: /bin/grep
configure:4963: checking for egrep
configure:5025: result: /bin/grep -E
configure:5030: checking for ANSI C header files
configure:5050: gcc -c -g -O2  conftest.c >&5
configure:5050: $? = 0
configure:5123: gcc -o conftest -g -O2   conftest.c  >&5
configure:5123: $? = 0
configure:5123: ./conftest
configure:5123: $? = 0
configure:5134: result: yes
configure:5147: checking for sys/types.h
configure:5147: gcc -c -g -O2  conftest.c >&5
configure:5147: $? = 0
configure:5147: result: yes
configure:5147: checking for sys/stat.h
configure:5147: gcc -c -g -O2  conftest.c >&5
configure:5147: $? = 0
configure:5147: result: yes
configure:5147: checking for stdlib.h
configure:5147: gcc -c -g -O2  conftest.c >&5
configure:5147: $? = 0
configure:5147: result: yes
configure:5147: checking for string.h
configure:5147: gcc -c -g -O2  conftest.c >&5
configure:5147: $? = 0
configure:5147: result: yes
configure:5147: checking for memory.h
configure:5147: gcc -c -g -O2  conftest.c >&5
configure:5147: $? = 0
configure:5147: result: yes
configure:5147: checking for strings.h
configure:5147: gcc -c -g -O2  conftest.c >&5
configure:5147: $? = 0
configure:5147: result: yes
configure:5147: checking for inttypes.h
configure:5147: gcc -c -g -O2  conftest.c >&5
configure:5147: $? = 0
configure:5147: result: yes
configure:5147: checking for stdint.h
configure:5147: gcc -c -g -O2  conftest.c >&5
configure:5147: $? = 0
configure:5147: result: yes
configure:5147: checking for unistd.h
configure:5147: gcc -c -g -O2  conftest.c >&5
configure:5147: $? = 0
configure:5147: result: yes
configure:5159: checking whether byte ordering is bigendian
configure:5174: gcc -c -g -O2  conftest.c >&5
conftest.c:26:9: error: unknown type name 'not'
         not a universal capable compiler
         ^
conftest.c:26:15: error: expected '=', ',', ';', 'asm' or '__attribute__' before 'universal'
         not a universal capable compiler
               ^
conftest.c:26:15: error: unknown type name 'universal'
configure:5174: $? = 1
configure: failed program was:
| /* confdefs.h */
| #define PACKAGE_NAME "fastcdr"
| #define PACKAGE_TARNAME "eProsima FastCDR"
| #define PACKAGE_VERSION "1.0.8"
| #define PACKAGE_STRING "fastcdr 1.0.8"
| #define PACKAGE_BUGREPORT "support@eprosima.com"
| #define PACKAGE_URL "http://eprosima.com/"
| #define FASTCDR_VERSION_MAJOR 1
| #define FASTCDR_VERSION_MINOR 0
| #define FASTCDR_VERSION_MICRO 8
| #define HAVE_CXX11 1
| #define HAVE_CXX0X 1
| #define HAVE_CXX_CONSTEXPR 1
| #define STDC_HEADERS 1
| #define HAVE_SYS_TYPES_H 1
| #define HAVE_SYS_STAT_H 1
| #define HAVE_STDLIB_H 1
| #define HAVE_STRING_H 1
| #define HAVE_MEMORY_H 1
| #define HAVE_STRINGS_H 1
| #define HAVE_INTTYPES_H 1
| #define HAVE_STDINT_H 1
| #define HAVE_UNISTD_H 1
| /* end confdefs.h.  */
| #ifndef __APPLE_CC__
| 	       not a universal capable compiler
| 	     #endif
| 	     typedef int dummy;
| 
configure:5219: gcc -c -g -O2  conftest.c >&5
configure:5219: $? = 0
configure:5237: gcc -c -g -O2  conftest.c >&5
conftest.c: In function 'main':
conftest.c:32:4: error: unknown type name 'not'
    not big endian
    ^
conftest.c:32:12: error: expected '=', ',', ';', 'asm' or '__attribute__' before 'endian'
    not big endian
            ^
configure:5237: $? = 1
configure: failed program was:
| /* confdefs.h */
| #define PACKAGE_NAME "fastcdr"
| #define PACKAGE_TARNAME "eProsima FastCDR"
| #define PACKAGE_VERSION "1.0.8"
| #define PACKAGE_STRING "fastcdr 1.0.8"
| #define PACKAGE_BUGREPORT "support@eprosima.com"
| #define PACKAGE_URL "http://eprosima.com/"
| #define FASTCDR_VERSION_MAJOR 1
| #define FASTCDR_VERSION_MINOR 0
| #define FASTCDR_VERSION_MICRO 8
| #define HAVE_CXX11 1
| #define HAVE_CXX0X 1
| #define HAVE_CXX_CONSTEXPR 1
| #define STDC_HEADERS 1
| #define HAVE_SYS_TYPES_H 1
| #define HAVE_SYS_STAT_H 1
| #define HAVE_STDLIB_H 1
| #define HAVE_STRING_H 1
| #define HAVE_MEMORY_H 1
| #define HAVE_STRINGS_H 1
| #define HAVE_INTTYPES_H 1
| #define HAVE_STDINT_H 1
| #define HAVE_UNISTD_H 1
| /* end confdefs.h.  */
| #include <sys/types.h>
| 		#include <sys/param.h>
| 
| int
| main ()
| {
| #if BYTE_ORDER != BIG_ENDIAN
| 		 not big endian
| 		#endif
| 
|   ;
|   return 0;
| }
configure:5365: result: no
configure:5498: checking for C++ compiler version
configure:5507: g++ --version >&5
g++ (Ubuntu 5.4.0-6ubuntu1~16.04.11) 5.4.0 20160609
Copyright (C) 2015 Free Software Foundation, Inc.
This is free software; see the source for copying conditions.  There is NO
warranty; not even for MERCHANTABILITY or FITNESS FOR A PARTICULAR PURPOSE.

configure:5518: $? = 0
configure:5507: g++ -v >&5
Using built-in specs.
COLLECT_GCC=g++
COLLECT_LTO_WRAPPER=/usr/lib/gcc/x86_64-linux-gnu/5/lto-wrapper
Target: x86_64-linux-gnu
Configured with: ../src/configure -v --with-pkgversion='Ubuntu 5.4.0-6ubuntu1~16.04.11' --with-bugurl=file:///usr/share/doc/gcc-5/README.Bugs --enable-languages=c,ada,c++,java,go,d,fortran,objc,obj-c++ --prefix=/usr --program-suffix=-5 --enable-shared --enable-linker-build-id --libexecdir=/usr/lib --without-included-gettext --enable-threads=posix --libdir=/usr/lib --enable-nls --with-sysroot=/ --enable-clocale=gnu --enable-libstdcxx-debug --enable-libstdcxx-time=yes --with-default-libstdcxx-abi=new --enable-gnu-unique-object --disable-vtable-verify --enable-libmpx --enable-plugin --with-system-zlib --disable-browser-plugin --enable-java-awt=gtk --enable-gtk-cairo --with-java-home=/usr/lib/jvm/java-1.5.0-gcj-5-amd64/jre --enable-java-home --with-jvm-root-dir=/usr/lib/jvm/java-1.5.0-gcj-5-amd64 --with-jvm-jar-dir=/usr/lib/jvm-exports/java-1.5.0-gcj-5-amd64 --with-arch-directory=amd64 --with-ecj-jar=/usr/share/java/eclipse-ecj.jar --enable-objc-gc --enable-multiarch --disable-werror --with-arch-32=i686 --with-abi=m64 --with-multilib-list=m32,m64,mx32 --enable-multilib --with-tune=generic --enable-checking=release --build=x86_64-linux-gnu --host=x86_64-linux-gnu --target=x86_64-linux-gnu
Thread model: posix
gcc version 5.4.0 20160609 (Ubuntu 5.4.0-6ubuntu1~16.04.11) 
configure:5518: $? = 0
configure:5507: g++ -V >&5
g++: error: unrecognized command line option '-V'
g++: fatal error: no input files
compilation terminated.
configure:5518: $? = 1
configure:5507: g++ -qversion >&5
g++: error: unrecognized command line option '-qversion'
g++: fatal error: no input files
compilation terminated.
configure:5518: $? = 1
configure:5522: checking whether we are using the GNU C++ compiler
configure:5550: result: yes
configure:5559: checking whether g++ accepts -g
configure:5620: result: yes
configure:5645: checking dependency style of g++
configure:5756: result: gcc3
configure:5776: checking how to run the C preprocessor
configure:5846: result: gcc -E
configure:5866: gcc -E  conftest.c
configure:5866: $? = 0
configure:5880: gcc -E  conftest.c
conftest.c:26:28: fatal error: ac_nonexistent.h: No such file or directory
compilation terminated.
configure:5880: $? = 1
configure: failed program was:
| /* confdefs.h */
| #define PACKAGE_NAME "fastcdr"
| #define PACKAGE_TARNAME "eProsima FastCDR"
| #define PACKAGE_VERSION "1.0.8"
| #define PACKAGE_STRING "fastcdr 1.0.8"
| #define PACKAGE_BUGREPORT "support@eprosima.com"
| #define PACKAGE_URL "http://eprosima.com/"
| #define FASTCDR_VERSION_MAJOR 1
| #define FASTCDR_VERSION_MINOR 0
| #define FASTCDR_VERSION_MICRO 8
| #define HAVE_CXX11 1
| #define HAVE_CXX0X 1
| #define HAVE_CXX_CONSTEXPR 1
| #define STDC_HEADERS 1
| #define HAVE_SYS_TYPES_H 1
| #define HAVE_SYS_STAT_H 1
| #define HAVE_STDLIB_H 1
| #define HAVE_STRING_H 1
| #define HAVE_MEMORY_H 1
| #define HAVE_STRINGS_H 1
| #define HAVE_INTTYPES_H 1
| #define HAVE_STDINT_H 1
| #define HAVE_UNISTD_H 1
| #define __BIG_ENDIAN__ 0
| /* end confdefs.h.  */
| #include <ac_nonexistent.h>
configure:5940: checking build system type
configure:5954: result: x86_64-pc-linux-gnu
configure:5974: checking host system type
configure:5987: result: x86_64-pc-linux-gnu
configure:6028: checking how to print strings
configure:6055: result: printf
configure:6076: checking for a sed that does not truncate output
configure:6140: result: /bin/sed
configure:6158: checking for fgrep
configure:6220: result: /bin/grep -F
configure:6255: checking for ld used by gcc
configure:6322: result: /usr/bin/ld
configure:6329: checking if the linker (/usr/bin/ld) is GNU ld
configure:6344: result: yes
configure:6356: checking for BSD- or MS-compatible name lister (nm)
configure:6410: result: /usr/bin/nm -B
configure:6540: checking the name lister (/usr/bin/nm -B) interface
configure:6547: gcc -c -g -O2  conftest.c >&5
configure:6550: /usr/bin/nm -B "conftest.o"
configure:6553: output
0000000000000000 B some_variable
configure:6560: result: BSD nm
configure:6563: checking whether ln -s works
configure:6567: result: yes
configure:6575: checking the maximum length of command line arguments
configure:6711: result: 1572864
configure:6759: checking how to convert x86_64-pc-linux-gnu file names to x86_64-pc-linux-gnu format
configure:6799: result: func_convert_file_noop
configure:6806: checking how to convert x86_64-pc-linux-gnu file names to toolchain format
configure:6826: result: func_convert_file_noop
configure:6833: checking for /usr/bin/ld option to reload object files
configure:6840: result: -r
configure:6914: checking for objdump
configure:6930: found /usr/bin/objdump
configure:6941: result: objdump
configure:6973: checking how to recognize dependent libraries
configure:7173: result: pass_all
configure:7258: checking for dlltool
configure:7288: result: no
configure:7318: checking how to associate runtime and link libraries
configure:7345: result: printf %s\n
configure:7405: checking for ar
configure:7421: found /usr/bin/ar
configure:7432: result: ar
configure:7469: checking for archiver @FILE support
configure:7486: gcc -c -g -O2  conftest.c >&5
configure:7486: $? = 0
configure:7489: ar cru libconftest.a @conftest.lst >&5
ar: `u' modifier ignored since `D' is the default (see `U')
configure:7492: $? = 0
configure:7497: ar cru libconftest.a @conftest.lst >&5
ar: `u' modifier ignored since `D' is the default (see `U')
ar: conftest.o: No such file or directory
configure:7500: $? = 1
configure:7512: result: @
configure:7570: checking for strip
configure:7586: found /usr/bin/strip
configure:7597: result: strip
configure:7669: checking for ranlib
configure:7685: found /usr/bin/ranlib
configure:7696: result: ranlib
configure:7798: checking command to parse /usr/bin/nm -B output from gcc object
configure:7951: gcc -c -g -O2  conftest.c >&5
configure:7954: $? = 0
configure:7958: /usr/bin/nm -B conftest.o \| sed -n -e 's/^.*[ ]\([ABCDGIRSTW][ABCDGIRSTW]*\)[ ][ ]*\([_A-Za-z][_A-Za-z0-9]*\)$/\1 \2 \2/p' | sed '/ __gnu_lto/d' \> conftest.nm
configure:7961: $? = 0
configure:8027: gcc -o conftest -g -O2   conftest.c conftstm.o >&5
configure:8030: $? = 0
configure:8068: result: ok
configure:8115: checking for sysroot
configure:8145: result: no
configure:8152: checking for a working dd
configure:8190: result: /bin/dd
configure:8194: checking how to truncate binary pipes
configure:8209: result: /bin/dd bs=4096 count=1
configure:8345: gcc -c -g -O2  conftest.c >&5
configure:8348: $? = 0
configure:8538: checking for mt
configure:8554: found /bin/mt
configure:8565: result: mt
configure:8588: checking if mt is a manifest tool
configure:8594: mt '-?'
configure:8602: result: no
configure:9276: checking for dlfcn.h
configure:9276: gcc -c -g -O2  conftest.c >&5
configure:9276: $? = 0
configure:9276: result: yes
configure:9542: checking for objdir
configure:9557: result: .libs
configure:9821: checking if gcc supports -fno-rtti -fno-exceptions
configure:9839: gcc -c -g -O2  -fno-rtti -fno-exceptions conftest.c >&5
cc1: warning: command line option '-fno-rtti' is valid for C++/ObjC++ but not for C
configure:9843: $? = 0
configure:9856: result: no
configure:10214: checking for gcc option to produce PIC
configure:10221: result: -fPIC -DPIC
configure:10229: checking if gcc PIC flag -fPIC -DPIC works
configure:10247: gcc -c -g -O2  -fPIC -DPIC -DPIC conftest.c >&5
configure:10251: $? = 0
configure:10264: result: yes
configure:10293: checking if gcc static flag -static works
configure:10321: result: yes
configure:10336: checking if gcc supports -c -o file.o
configure:10357: gcc -c -g -O2  -o out/conftest2.o conftest.c >&5
configure:10361: $? = 0
configure:10383: result: yes
configure:10391: checking if gcc supports -c -o file.o
configure:10438: result: yes
configure:10471: checking whether the gcc linker (/usr/bin/ld -m elf_x86_64) supports shared libraries
configure:11730: result: yes
configure:11767: checking whether -lc should be explicitly linked in
configure:11775: gcc -c -g -O2  conftest.c >&5
configure:11778: $? = 0
configure:11793: gcc -shared  -fPIC -DPIC conftest.o  -v -Wl,-soname -Wl,conftest -o conftest 2\>\&1 \| /bin/grep  -lc  \>/dev/null 2\>\&1
configure:11796: $? = 0
configure:11810: result: no
configure:11970: checking dynamic linker characteristics
configure:12564: gcc -o conftest -g -O2   -Wl,-rpath -Wl,/foo conftest.c  >&5
configure:12564: $? = 0
configure:12801: result: GNU/Linux ld.so
configure:12923: checking how to hardcode library paths into programs
configure:12948: result: immediate
configure:13496: checking whether stripping libraries is possible
configure:13501: result: yes
configure:13536: checking if libtool supports shared libraries
configure:13538: result: yes
configure:13541: checking whether to build shared libraries
configure:13566: result: yes
configure:13569: checking whether to build static libraries
configure:13573: result: yes
configure:13596: checking how to run the C++ preprocessor
configure:13623: g++ -E  conftest.cpp
configure:13623: $? = 0
configure:13637: g++ -E  conftest.cpp
conftest.cpp:28:28: fatal error: ac_nonexistent.h: No such file or directory
compilation terminated.
configure:13637: $? = 1
configure: failed program was:
| /* confdefs.h */
| #define PACKAGE_NAME "fastcdr"
| #define PACKAGE_TARNAME "eProsima FastCDR"
| #define PACKAGE_VERSION "1.0.8"
| #define PACKAGE_STRING "fastcdr 1.0.8"
| #define PACKAGE_BUGREPORT "support@eprosima.com"
| #define PACKAGE_URL "http://eprosima.com/"
| #define FASTCDR_VERSION_MAJOR 1
| #define FASTCDR_VERSION_MINOR 0
| #define FASTCDR_VERSION_MICRO 8
| #define HAVE_CXX11 1
| #define HAVE_CXX0X 1
| #define HAVE_CXX_CONSTEXPR 1
| #define STDC_HEADERS 1
| #define HAVE_SYS_TYPES_H 1
| #define HAVE_SYS_STAT_H 1
| #define HAVE_STDLIB_H 1
| #define HAVE_STRING_H 1
| #define HAVE_MEMORY_H 1
| #define HAVE_STRINGS_H 1
| #define HAVE_INTTYPES_H 1
| #define HAVE_STDINT_H 1
| #define HAVE_UNISTD_H 1
| #define __BIG_ENDIAN__ 0
| #define HAVE_DLFCN_H 1
| #define LT_OBJDIR ".libs/"
| /* end confdefs.h.  */
| #include <ac_nonexistent.h>
configure:13662: result: g++ -E
configure:13682: g++ -E  conftest.cpp
configure:13682: $? = 0
configure:13696: g++ -E  conftest.cpp
conftest.cpp:28:28: fatal error: ac_nonexistent.h: No such file or directory
compilation terminated.
configure:13696: $? = 1
configure: failed program was:
| /* confdefs.h */
| #define PACKAGE_NAME "fastcdr"
| #define PACKAGE_TARNAME "eProsima FastCDR"
| #define PACKAGE_VERSION "1.0.8"
| #define PACKAGE_STRING "fastcdr 1.0.8"
| #define PACKAGE_BUGREPORT "support@eprosima.com"
| #define PACKAGE_URL "http://eprosima.com/"
| #define FASTCDR_VERSION_MAJOR 1
| #define FASTCDR_VERSION_MINOR 0
| #define FASTCDR_VERSION_MICRO 8
| #define HAVE_CXX11 1
| #define HAVE_CXX0X 1
| #define HAVE_CXX_CONSTEXPR 1
| #define STDC_HEADERS 1
| #define HAVE_SYS_TYPES_H 1
| #define HAVE_SYS_STAT_H 1
| #define HAVE_STDLIB_H 1
| #define HAVE_STRING_H 1
| #define HAVE_MEMORY_H 1
| #define HAVE_STRINGS_H 1
| #define HAVE_INTTYPES_H 1
| #define HAVE_STDINT_H 1
| #define HAVE_UNISTD_H 1
| #define __BIG_ENDIAN__ 0
| #define HAVE_DLFCN_H 1
| #define LT_OBJDIR ".libs/"
| /* end confdefs.h.  */
| #include <ac_nonexistent.h>
configure:13858: checking for ld used by g++
configure:13925: result: /usr/bin/ld -m elf_x86_64
configure:13932: checking if the linker (/usr/bin/ld -m elf_x86_64) is GNU ld
configure:13947: result: yes
configure:14002: checking whether the g++ linker (/usr/bin/ld -m elf_x86_64) supports shared libraries
configure:15075: result: yes
configure:15111: g++ -c -g -O2 -std=gnu++11  conftest.cpp >&5
configure:15114: $? = 0
configure:15595: checking for g++ option to produce PIC
configure:15602: result: -fPIC -DPIC
configure:15610: checking if g++ PIC flag -fPIC -DPIC works
configure:15628: g++ -c -g -O2 -std=gnu++11  -fPIC -DPIC -DPIC conftest.cpp >&5
configure:15632: $? = 0
configure:15645: result: yes
configure:15668: checking if g++ static flag -static works
configure:15696: result: yes
configure:15708: checking if g++ supports -c -o file.o
configure:15729: g++ -c -g -O2 -std=gnu++11  -o out/conftest2.o conftest.cpp >&5
configure:15733: $? = 0
configure:15755: result: yes
configure:15760: checking if g++ supports -c -o file.o
configure:15807: result: yes
configure:15837: checking whether the g++ linker (/usr/bin/ld -m elf_x86_64) supports shared libraries
configure:15877: result: yes
configure:16018: checking dynamic linker characteristics
configure:16776: result: GNU/Linux ld.so
configure:16841: checking how to hardcode library paths into programs
configure:16866: result: immediate
configure:17042: checking that generated files are newer than configure
configure:17048: result: done
configure:17079: creating ./config.status

## ---------------------- ##
## Running config.status. ##
## ---------------------- ##

This file was extended by fastcdr config.status 1.0.8, which was
generated by GNU Autoconf 2.69.  Invocation command line was

  CONFIG_FILES    = 
  CONFIG_HEADERS  = 
  CONFIG_LINKS    = 
  CONFIG_COMMANDS = 
  $ ./config.status 

on jerryxu-ThinkPad-T450

config.status:1156: creating Makefile
config.status:1156: creating include/Makefile
config.status:1156: creating src/cpp/Makefile
config.status:1156: creating include/fastcdr/config.h
config.status:1385: executing depfiles commands
config.status:1462: cd src/cpp       && sed -e '/# am--include-marker/d' Makefile         | make -f - am--depfiles
config.status:1467: $? = 0
config.status:1385: executing libtool commands

## ---------------- ##
## Cache variables. ##
## ---------------- ##

ac_cv_build=x86_64-pc-linux-gnu
ac_cv_c_bigendian=no
ac_cv_c_compiler_gnu=yes
ac_cv_cxx_compiler_gnu=yes
ac_cv_env_CCC_set=
ac_cv_env_CCC_value=
ac_cv_env_CC_set=
ac_cv_env_CC_value=
ac_cv_env_CFLAGS_set=
ac_cv_env_CFLAGS_value=
ac_cv_env_CPPFLAGS_set=
ac_cv_env_CPPFLAGS_value=
ac_cv_env_CPP_set=
ac_cv_env_CPP_value=
ac_cv_env_CXXCPP_set=
ac_cv_env_CXXCPP_value=
ac_cv_env_CXXFLAGS_set=
ac_cv_env_CXXFLAGS_value=
ac_cv_env_CXX_set=
ac_cv_env_CXX_value=
ac_cv_env_LDFLAGS_set=
ac_cv_env_LDFLAGS_value=
ac_cv_env_LIBS_set=
ac_cv_env_LIBS_value=
ac_cv_env_LT_SYS_LIBRARY_PATH_set=
ac_cv_env_LT_SYS_LIBRARY_PATH_value=
ac_cv_env_build_alias_set=
ac_cv_env_build_alias_value=
ac_cv_env_host_alias_set=
ac_cv_env_host_alias_value=
ac_cv_env_target_alias_set=
ac_cv_env_target_alias_value=
ac_cv_header_dlfcn_h=yes
ac_cv_header_inttypes_h=yes
ac_cv_header_memory_h=yes
ac_cv_header_stdc=yes
ac_cv_header_stdint_h=yes
ac_cv_header_stdlib_h=yes
ac_cv_header_string_h=yes
ac_cv_header_strings_h=yes
ac_cv_header_sys_stat_h=yes
ac_cv_header_sys_types_h=yes
ac_cv_header_unistd_h=yes
ac_cv_host=x86_64-pc-linux-gnu
ac_cv_objext=o
ac_cv_path_EGREP='/bin/grep -E'
ac_cv_path_FGREP='/bin/grep -F'
ac_cv_path_GREP=/bin/grep
ac_cv_path_SED=/bin/sed
ac_cv_path_install='/usr/bin/install -c'
ac_cv_path_lt_DD=/bin/dd
ac_cv_path_mkdir=/bin/mkdir
ac_cv_prog_AWK=mawk
ac_cv_prog_CPP='gcc -E'
ac_cv_prog_CXXCPP='g++ -E'
ac_cv_prog_ac_ct_AR=ar
ac_cv_prog_ac_ct_CC=gcc
ac_cv_prog_ac_ct_CXX=g++
ac_cv_prog_ac_ct_MANIFEST_TOOL=mt
ac_cv_prog_ac_ct_OBJDUMP=objdump
ac_cv_prog_ac_ct_RANLIB=ranlib
ac_cv_prog_ac_ct_STRIP=strip
ac_cv_prog_cc_c89=
ac_cv_prog_cc_g=yes
ac_cv_prog_cxx_g=yes
ac_cv_prog_make_make_set=yes
am_cv_CC_dependencies_compiler_type=gcc3
am_cv_CXX_dependencies_compiler_type=gcc3
am_cv_make_support_nested_variables=yes
am_cv_prog_cc_c_o=yes
ax_cv_cxx_compile_cxx11=no
ax_cv_cxx_compile_cxx11__std_gnupp11=yes
lt_cv_ar_at_file=@
lt_cv_archive_cmds_need_lc=no
lt_cv_deplibs_check_method=pass_all
lt_cv_file_magic_cmd='$MAGIC_CMD'
lt_cv_file_magic_test_file=
lt_cv_ld_reload_flag=-r
lt_cv_nm_interface='BSD nm'
lt_cv_objdir=.libs
lt_cv_path_LD=/usr/bin/ld
lt_cv_path_LDCXX='/usr/bin/ld -m elf_x86_64'
lt_cv_path_NM='/usr/bin/nm -B'
lt_cv_path_mainfest_tool=no
lt_cv_prog_compiler_c_o=yes
lt_cv_prog_compiler_c_o_CXX=yes
lt_cv_prog_compiler_pic='-fPIC -DPIC'
lt_cv_prog_compiler_pic_CXX='-fPIC -DPIC'
lt_cv_prog_compiler_pic_works=yes
lt_cv_prog_compiler_pic_works_CXX=yes
lt_cv_prog_compiler_rtti_exceptions=no
lt_cv_prog_compiler_static_works=yes
lt_cv_prog_compiler_static_works_CXX=yes
lt_cv_prog_gnu_ld=yes
lt_cv_prog_gnu_ldcxx=yes
lt_cv_sharedlib_from_linklib_cmd='printf %s\n'
lt_cv_shlibpath_overrides_runpath=no
lt_cv_sys_global_symbol_pipe='sed -n -e '\''s/^.*[	 ]\([ABCDGIRSTW][ABCDGIRSTW]*\)[	 ][	 ]*\([_A-Za-z][_A-Za-z0-9]*\)$/\1 \2 \2/p'\'' | sed '\''/ __gnu_lto/d'\'''
lt_cv_sys_global_symbol_to_c_name_address='sed -n -e '\''s/^: \(.*\) .*$/  {"\1", (void *) 0},/p'\'' -e '\''s/^[ABCDGIRSTW][ABCDGIRSTW]* .* \(.*\)$/  {"\1", (void *) \&\1},/p'\'''
lt_cv_sys_global_symbol_to_c_name_address_lib_prefix='sed -n -e '\''s/^: \(.*\) .*$/  {"\1", (void *) 0},/p'\'' -e '\''s/^[ABCDGIRSTW][ABCDGIRSTW]* .* \(lib.*\)$/  {"\1", (void *) \&\1},/p'\'' -e '\''s/^[ABCDGIRSTW][ABCDGIRSTW]* .* \(.*\)$/  {"lib\1", (void *) \&\1},/p'\'''
lt_cv_sys_global_symbol_to_cdecl='sed -n -e '\''s/^T .* \(.*\)$/extern int \1();/p'\'' -e '\''s/^[ABCDGIRSTW][ABCDGIRSTW]* .* \(.*\)$/extern char \1;/p'\'''
lt_cv_sys_global_symbol_to_import=
lt_cv_sys_max_cmd_len=1572864
lt_cv_to_host_file_cmd=func_convert_file_noop
lt_cv_to_tool_file_cmd=func_convert_file_noop
lt_cv_truncate_bin='/bin/dd bs=4096 count=1'

## ----------------- ##
## Output variables. ##
## ----------------- ##

ACLOCAL='${SHELL} /home/jerryxu/桌面/project/Drone/Planning/eProsima_FastCDR-1.0.8-Linux/missing aclocal-1.16'
AMDEPBACKSLASH='\'
AMDEP_FALSE='#'
AMDEP_TRUE=''
AMTAR='$${TAR-tar}'
AM_BACKSLASH='\'
AM_DEFAULT_V='$(AM_DEFAULT_VERBOSITY)'
AM_DEFAULT_VERBOSITY='1'
AM_V='$(V)'
AR='ar'
AUTOCONF='${SHELL} /home/jerryxu/桌面/project/Drone/Planning/eProsima_FastCDR-1.0.8-Linux/missing autoconf'
AUTOHEADER='${SHELL} /home/jerryxu/桌面/project/Drone/Planning/eProsima_FastCDR-1.0.8-Linux/missing autoheader'
AUTOMAKE='${SHELL} /home/jerryxu/桌面/project/Drone/Planning/eProsima_FastCDR-1.0.8-Linux/missing automake-1.16'
AWK='mawk'
CC='gcc'
CCDEPMODE='depmode=gcc3'
CFLAGS='-g -O2'
CONFIG_ARGS='--libdir=/usr/lib'
CPP='gcc -E'
CPPFLAGS=''
CXX='g++'
CXXCPP='g++ -E'
CXXDEPMODE='depmode=gcc3'
CXXFLAGS='-g -O2 -std=gnu++11'
CYGPATH_W='echo'
DEFS='-DHAVE_CONFIG_H'
DEPDIR='.deps'
DLLTOOL='false'
DSYMUTIL=''
DUMPBIN=''
ECHO_C=''
ECHO_N='-n'
ECHO_T=''
EGREP='/bin/grep -E'
EXEEXT=''
FGREP='/bin/grep -F'
GREP='/bin/grep'
HAVE_CXX11='1'
INSTALL_DATA='${INSTALL} -m 644'
INSTALL_PROGRAM='${INSTALL}'
INSTALL_SCRIPT='${INSTALL}'
INSTALL_STRIP_PROGRAM='$(install_sh) -c -s'
LD='/usr/bin/ld -m elf_x86_64'
LDFLAGS=''
LIBOBJS=''
LIBS=''
LIBTOOL='$(SHELL) $(top_builddir)/libtool'
LIPO=''
LN_S='ln -s'
LTLIBOBJS=''
LT_SYS_LIBRARY_PATH=''
MAKEINFO='${SHELL} /home/jerryxu/桌面/project/Drone/Planning/eProsima_FastCDR-1.0.8-Linux/missing makeinfo'
MANIFEST_TOOL=':'
MKDIR_P='/bin/mkdir -p'
NM='/usr/bin/nm -B'
NMEDIT=''
OBJDUMP='objdump'
OBJEXT='o'
OTOOL64=''
OTOOL=''
PACKAGE='eProsima FastCDR'
PACKAGE_BUGREPORT='support@eprosima.com'
PACKAGE_NAME='fastcdr'
PACKAGE_STRING='fastcdr 1.0.8'
PACKAGE_TARNAME='eProsima FastCDR'
PACKAGE_URL='http://eprosima.com/'
PACKAGE_VERSION='1.0.8'
PATH_SEPARATOR=':'
RANLIB='ranlib'
SED='/bin/sed'
SET_MAKE=''
SHELL='/bin/bash'
STRIP='strip'
VERSION='1.0.8'
ac_ct_AR='ar'
ac_ct_CC='gcc'
ac_ct_CXX='g++'
ac_ct_DUMPBIN=''
am__EXEEXT_FALSE=''
am__EXEEXT_TRUE='#'
am__fastdepCC_FALSE='#'
am__fastdepCC_TRUE=''
am__fastdepCXX_FALSE='#'
am__fastdepCXX_TRUE=''
am__include='include'
am__isrc=''
am__leading_dot='.'
am__nodep='_no'
am__quote=''
am__tar='$${TAR-tar} chof - "$$tardir"'
am__untar='$${TAR-tar} xf -'
bindir='${exec_prefix}/bin'
build='x86_64-pc-linux-gnu'
build_alias=''
build_cpu='x86_64'
build_os='linux-gnu'
build_vendor='pc'
datadir='${datarootdir}'
datarootdir='${prefix}/share'
docdir='${datarootdir}/doc/${PACKAGE_TARNAME}'
dvidir='${docdir}'
exec_prefix='${prefix}'
host='x86_64-pc-linux-gnu'
host_alias=''
host_cpu='x86_64'
host_os='linux-gnu'
host_vendor='pc'
htmldir='${docdir}'
includedir='${prefix}/include'
infodir='${datarootdir}/info'
install_sh='${SHELL} /home/jerryxu/桌面/project/Drone/Planning/eProsima_FastCDR-1.0.8-Linux/install-sh'
libdir='/usr/lib'
libexecdir='${exec_prefix}/libexec'
localedir='${datarootdir}/locale'
localstatedir='${prefix}/var'
mandir='${datarootdir}/man'
mkdir_p='$(MKDIR_P)'
oldincludedir='/usr/include'
pdfdir='${docdir}'
prefix='/usr/local'
program_transform_name='s,x,x,'
psdir='${docdir}'
sbindir='${exec_prefix}/sbin'
sharedstatedir='${prefix}/com'
sysconfdir='${prefix}/etc'
target_alias=''

## ----------- ##
## confdefs.h. ##
## ----------- ##

/* confdefs.h */
#define PACKAGE_NAME "fastcdr"
#define PACKAGE_TARNAME "eProsima FastCDR"
#define PACKAGE_VERSION "1.0.8"
#define PACKAGE_STRING "fastcdr 1.0.8"
#define PACKAGE_BUGREPORT "support@eprosima.com"
#define PACKAGE_URL "http://eprosima.com/"
#define FASTCDR_VERSION_MAJOR 1
#define FASTCDR_VERSION_MINOR 0
#define FASTCDR_VERSION_MICRO 8
#define HAVE_CXX11 1
#define HAVE_CXX0X 1
#define HAVE_CXX_CONSTEXPR 1
#define STDC_HEADERS 1
#define HAVE_SYS_TYPES_H 1
#define HAVE_SYS_STAT_H 1
#define HAVE_STDLIB_H 1
#define HAVE_STRING_H 1
#define HAVE_MEMORY_H 1
#define HAVE_STRINGS_H 1
#define HAVE_INTTYPES_H 1
#define HAVE_STDINT_H 1
#define HAVE_UNISTD_H 1
#define __BIG_ENDIAN__ 0
#define HAVE_DLFCN_H 1
#define LT_OBJDIR ".libs/"

configure: exit 0
